mode: set
github.com/ethrousseau/weblens/api/main.go:27.13,29.6 2 0
github.com/ethrousseau/weblens/api/main.go:29.6,31.3 1 0
github.com/ethrousseau/weblens/api/main.go:34.30,37.16 3 0
github.com/ethrousseau/weblens/api/main.go:37.16,39.3 1 0
github.com/ethrousseau/weblens/api/main.go:41.2,41.22 1 0
github.com/ethrousseau/weblens/api/main.go:41.22,43.3 1 0
github.com/ethrousseau/weblens/api/main.go:43.8,45.3 1 0
github.com/ethrousseau/weblens/api/main.go:47.2,56.16 6 0
github.com/ethrousseau/weblens/api/main.go:56.16,57.13 1 0
github.com/ethrousseau/weblens/api/main.go:59.2,63.16 4 0
github.com/ethrousseau/weblens/api/main.go:63.16,64.13 1 0
github.com/ethrousseau/weblens/api/main.go:66.2,70.16 4 0
github.com/ethrousseau/weblens/api/main.go:70.16,71.13 1 0
github.com/ethrousseau/weblens/api/main.go:73.2,80.16 6 0
github.com/ethrousseau/weblens/api/main.go:80.16,81.13 1 0
github.com/ethrousseau/weblens/api/main.go:83.2,87.16 4 0
github.com/ethrousseau/weblens/api/main.go:87.16,88.13 1 0
github.com/ethrousseau/weblens/api/main.go:90.2,100.20 8 0
github.com/ethrousseau/weblens/api/main.go:100.20,101.37 1 0
github.com/ethrousseau/weblens/api/main.go:103.2,104.16 2 0
github.com/ethrousseau/weblens/api/main.go:104.16,105.13 1 0
github.com/ethrousseau/weblens/api/main.go:108.2,117.24 7 0
github.com/ethrousseau/weblens/api/main.go:117.24,118.40 1 0
github.com/ethrousseau/weblens/api/main.go:121.2,121.46 1 0
github.com/ethrousseau/weblens/api/main.go:121.46,123.3 1 0
github.com/ethrousseau/weblens/api/main.go:125.2,142.16 11 0
github.com/ethrousseau/weblens/api/main.go:142.16,143.13 1 0
github.com/ethrousseau/weblens/api/main.go:145.2,148.16 3 0
github.com/ethrousseau/weblens/api/main.go:148.16,149.13 1 0
github.com/ethrousseau/weblens/api/main.go:151.2,167.46 9 0
github.com/ethrousseau/weblens/api/main.go:167.46,170.3 2 0
github.com/ethrousseau/weblens/api/main.go:172.2,175.94 3 0
github.com/ethrousseau/weblens/api/main.go:178.61,181.24 3 0
github.com/ethrousseau/weblens/api/main.go:181.24,182.20 1 0
github.com/ethrousseau/weblens/api/main.go:182.20,184.9 2 0
github.com/ethrousseau/weblens/api/main.go:186.3,186.37 1 0
github.com/ethrousseau/weblens/api/main.go:188.2,188.16 1 0
github.com/ethrousseau/weblens/api/main.go:188.16,191.3 2 0
github.com/ethrousseau/weblens/api/main.go:192.2,192.58 1 0
