mode: set
github.com/ethrousseau/weblens/api/main.go:27.13,30.16 3 0
github.com/ethrousseau/weblens/api/main.go:30.16,32.3 1 0
github.com/ethrousseau/weblens/api/main.go:34.2,34.22 1 0
github.com/ethrousseau/weblens/api/main.go:34.22,36.3 1 0
github.com/ethrousseau/weblens/api/main.go:36.8,38.3 1 0
github.com/ethrousseau/weblens/api/main.go:40.2,49.16 6 0
github.com/ethrousseau/weblens/api/main.go:49.16,50.13 1 0
github.com/ethrousseau/weblens/api/main.go:52.2,56.16 4 0
github.com/ethrousseau/weblens/api/main.go:56.16,57.13 1 0
github.com/ethrousseau/weblens/api/main.go:59.2,63.16 4 0
github.com/ethrousseau/weblens/api/main.go:63.16,64.13 1 0
github.com/ethrousseau/weblens/api/main.go:66.2,73.16 6 0
github.com/ethrousseau/weblens/api/main.go:73.16,74.13 1 0
github.com/ethrousseau/weblens/api/main.go:76.2,80.16 4 0
github.com/ethrousseau/weblens/api/main.go:80.16,81.13 1 0
github.com/ethrousseau/weblens/api/main.go:83.2,93.20 8 0
github.com/ethrousseau/weblens/api/main.go:93.20,94.37 1 0
github.com/ethrousseau/weblens/api/main.go:96.2,97.16 2 0
github.com/ethrousseau/weblens/api/main.go:97.16,98.13 1 0
github.com/ethrousseau/weblens/api/main.go:101.2,110.24 7 0
github.com/ethrousseau/weblens/api/main.go:110.24,111.40 1 0
github.com/ethrousseau/weblens/api/main.go:114.2,114.46 1 0
github.com/ethrousseau/weblens/api/main.go:114.46,116.3 1 0
github.com/ethrousseau/weblens/api/main.go:118.2,134.16 10 0
github.com/ethrousseau/weblens/api/main.go:134.16,135.13 1 0
github.com/ethrousseau/weblens/api/main.go:137.2,156.46 12 0
github.com/ethrousseau/weblens/api/main.go:156.46,159.3 2 0
github.com/ethrousseau/weblens/api/main.go:161.2,166.6 4 0
github.com/ethrousseau/weblens/api/main.go:166.6,168.3 1 0
github.com/ethrousseau/weblens/api/main.go:172.61,175.24 3 0
github.com/ethrousseau/weblens/api/main.go:175.24,176.20 1 0
github.com/ethrousseau/weblens/api/main.go:176.20,178.9 2 0
github.com/ethrousseau/weblens/api/main.go:180.3,180.37 1 0
github.com/ethrousseau/weblens/api/main.go:182.2,182.16 1 0
github.com/ethrousseau/weblens/api/main.go:182.16,185.3 2 0
github.com/ethrousseau/weblens/api/main.go:186.2,186.58 1 0
